android/app/build/intermediates/manifest_merge_blame_file/release/processReleaseMainManifest/manifest-merger-blame-release-report.txt
1<?xml version="1.0" encoding="utf-8"?>
2<manifest xmlns:android="http://schemas.android.com/apk/res/android"
3    package="com.ptoo.copedu"
4    android:versionCode="1"
5    android:versionName="1.0.0" >
6
7    <uses-sdk
8        android:minSdkVersion="23"
9        android:targetSdkVersion="35" />
10
11    <uses-permission android:name="android.permission.CAMERA" />
11-->src\main\AndroidManifest.xml:3:5-65
11-->src\main\AndroidManifest.xml:3:22-62
12    <uses-permission android:name="android.permission.INTERNET" />
12-->src\main\AndroidManifest.xml:4:5-67
12-->src\main\AndroidManifest.xml:4:22-64
13    <!--
14         Required to query activities that can process text, see:
15         https://developer.android.com/training/package-visibility and
16         https://developer.android.com/reference/android/content/Intent#ACTION_PROCESS_TEXT.
17
18         In particular, this is used by the Flutter engine in io.flutter.plugin.text.ProcessTextPlugin.
19    -->
20    <queries>
20-->src\main\AndroidManifest.xml:43:5-48:15
21        <intent>
21-->src\main\AndroidManifest.xml:44:9-47:18
22            <action android:name="android.intent.action.PROCESS_TEXT" />
22-->src\main\AndroidManifest.xml:45:13-72
22-->src\main\AndroidManifest.xml:45:21-70
23
24            <data android:mimeType="text/plain" />
24-->src\main\AndroidManifest.xml:46:13-50
24-->src\main\AndroidManifest.xml:46:19-48
25        </intent>
26    </queries>
27
28    <uses-feature
28-->[:mobile_scanner] AndroidManifest.xml:9:5-11:36
29        android:name="android.hardware.camera"
29-->[:mobile_scanner] AndroidManifest.xml:10:9-47
30        android:required="false" />
30-->[:mobile_scanner] AndroidManifest.xml:11:9-33
31
32    <uses-permission android:name="android.permission.ACCESS_NETWORK_STATE" />
32-->[com.google.firebase:firebase-auth:24.0.1] AndroidManifest.xml:26:5-79
32-->[com.google.firebase:firebase-auth:24.0.1] AndroidManifest.xml:26:22-76
33    <uses-permission android:name="com.google.android.providers.gsf.permission.READ_GSERVICES" />
33-->[com.google.android.recaptcha:recaptcha:18.6.1] AndroidManifest.xml:9:5-98
33-->[com.google.android.recaptcha:recaptcha:18.6.1] AndroidManifest.xml:9:22-95
34    <uses-permission android:name="android.permission.WAKE_LOCK" /> <!-- Required by older versions of Google Play services to create IID tokens -->
34-->[com.google.firebase:firebase-iid:21.1.0] AndroidManifest.xml:24:5-68
34-->[com.google.firebase:firebase-iid:21.1.0] AndroidManifest.xml:24:22-65
35    <uses-permission android:name="com.google.android.c2dm.permission.RECEIVE" />
35-->[com.google.firebase:firebase-iid:21.1.0] AndroidManifest.xml:26:5-82
35-->[com.google.firebase:firebase-iid:21.1.0] AndroidManifest.xml:26:22-79
36
37    <permission
37-->[androidx.core:core:1.13.1] AndroidManifest.xml:22:5-24:47
38        android:name="com.ptoo.copedu.DYNAMIC_RECEIVER_NOT_EXPORTED_PERMISSION"
38-->[androidx.core:core:1.13.1] AndroidManifest.xml:23:9-81
39        android:protectionLevel="signature" />
39-->[androidx.core:core:1.13.1] AndroidManifest.xml:24:9-44
40
41    <uses-permission android:name="com.ptoo.copedu.DYNAMIC_RECEIVER_NOT_EXPORTED_PERMISSION" />
41-->[androidx.core:core:1.13.1] AndroidManifest.xml:26:5-97
41-->[androidx.core:core:1.13.1] AndroidManifest.xml:26:22-94
42
43    <application
44        android:name="android.app.Application"
44-->src\main\AndroidManifest.xml:8:9-42
45        android:appComponentFactory="androidx.core.app.CoreComponentFactory"
45-->[androidx.core:core:1.13.1] AndroidManifest.xml:28:18-86
46        android:extractNativeLibs="false"
47        android:icon="@mipmap/ic_launcher"
47-->src\main\AndroidManifest.xml:9:9-43
48        android:label="@string/app_name" >
48-->src\main\AndroidManifest.xml:7:9-41
49        <activity
49-->src\main\AndroidManifest.xml:10:9-31:20
50            android:name="com.ptoo.copedu.MainActivity"
50-->src\main\AndroidManifest.xml:11:13-41
51            android:configChanges="orientation|keyboardHidden|keyboard|screenSize|smallestScreenSize|locale|layoutDirection|fontScale|screenLayout|density|uiMode"
51-->src\main\AndroidManifest.xml:16:13-163
52            android:exported="true"
52-->src\main\AndroidManifest.xml:12:13-36
53            android:hardwareAccelerated="true"
53-->src\main\AndroidManifest.xml:17:13-47
54            android:launchMode="singleTop"
54-->src\main\AndroidManifest.xml:13:13-43
55            android:taskAffinity=""
55-->src\main\AndroidManifest.xml:14:13-36
56            android:theme="@style/LaunchTheme"
56-->src\main\AndroidManifest.xml:15:13-47
57            android:windowSoftInputMode="adjustResize" >
57-->src\main\AndroidManifest.xml:18:13-55
58
59            <!--
60                 Specifies an Android theme to apply to this Activity as soon as
61                 the Android process has started. This theme is visible to the user
62                 while the Flutter UI initializes. After that, this theme continues
63                 to determine the Window background behind the Flutter UI.
64            -->
65            <meta-data
65-->src\main\AndroidManifest.xml:23:13-26:17
66                android:name="io.flutter.embedding.android.NormalTheme"
66-->src\main\AndroidManifest.xml:24:15-70
67                android:resource="@style/NormalTheme" />
67-->src\main\AndroidManifest.xml:25:15-52
68
69            <intent-filter>
69-->src\main\AndroidManifest.xml:27:13-30:29
70                <action android:name="android.intent.action.MAIN" />
70-->src\main\AndroidManifest.xml:28:17-68
70-->src\main\AndroidManifest.xml:28:25-66
71
72                <category android:name="android.intent.category.LAUNCHER" />
72-->src\main\AndroidManifest.xml:29:17-76
72-->src\main\AndroidManifest.xml:29:27-74
73            </intent-filter>
74        </activity>
75        <!--
76             Don't delete the meta-data below.
77             This is used by the Flutter tool to generate GeneratedPluginRegistrant.java
78        -->
79        <meta-data
79-->src\main\AndroidManifest.xml:34:9-36:33
80            android:name="flutterEmbedding"
80-->src\main\AndroidManifest.xml:35:13-44
81            android:value="2" />
81-->src\main\AndroidManifest.xml:36:13-30
82
83        <service
83-->[:cloud_functions] AndroidManifest.xml:8:9-12:19
84            android:name="com.google.firebase.components.ComponentDiscoveryService"
84-->[:cloud_functions] AndroidManifest.xml:8:18-89
85            android:directBootAware="true"
85-->[com.google.firebase:firebase-common:22.0.0] AndroidManifest.xml:32:13-43
86            android:exported="false" >
86-->[com.google.firebase:firebase-auth:24.0.1] AndroidManifest.xml:68:13-37
87            <meta-data
87-->[:cloud_functions] AndroidManifest.xml:9:13-11:85
88                android:name="com.google.firebase.components:io.flutter.plugins.firebase.functions.FlutterFirebaseAppRegistrar"
88-->[:cloud_functions] AndroidManifest.xml:10:17-128
89                android:value="com.google.firebase.components.ComponentRegistrar" />
89-->[:cloud_functions] AndroidManifest.xml:11:17-82
90            <meta-data
90-->[:cloud_firestore] AndroidManifest.xml:9:13-11:85
91                android:name="com.google.firebase.components:io.flutter.plugins.firebase.firestore.FlutterFirebaseFirestoreRegistrar"
91-->[:cloud_firestore] AndroidManifest.xml:10:17-134
92                android:value="com.google.firebase.components.ComponentRegistrar" />
92-->[:cloud_firestore] AndroidManifest.xml:11:17-82
93            <meta-data
93-->[:firebase_auth] AndroidManifest.xml:9:13-11:85
94                android:name="com.google.firebase.components:io.flutter.plugins.firebase.auth.FlutterFirebaseAuthRegistrar"
94-->[:firebase_auth] AndroidManifest.xml:10:17-124
95                android:value="com.google.firebase.components.ComponentRegistrar" />
95-->[:firebase_auth] AndroidManifest.xml:11:17-82
96            <meta-data
96-->[:firebase_core] AndroidManifest.xml:9:13-11:85
97                android:name="com.google.firebase.components:io.flutter.plugins.firebase.core.FlutterFirebaseCoreRegistrar"
97-->[:firebase_core] AndroidManifest.xml:10:17-124
98                android:value="com.google.firebase.components.ComponentRegistrar" />
98-->[:firebase_core] AndroidManifest.xml:11:17-82
99            <meta-data
99-->[com.google.firebase:firebase-auth:24.0.1] AndroidManifest.xml:69:13-71:85
100                android:name="com.google.firebase.components:com.google.firebase.auth.FirebaseAuthRegistrar"
100-->[com.google.firebase:firebase-auth:24.0.1] AndroidManifest.xml:70:17-109
101                android:value="com.google.firebase.components.ComponentRegistrar" />
101-->[com.google.firebase:firebase-auth:24.0.1] AndroidManifest.xml:71:17-82
102            <meta-data
102-->[com.google.firebase:firebase-firestore:26.0.0] AndroidManifest.xml:17:13-19:85
103                android:name="com.google.firebase.components:com.google.firebase.firestore.FirebaseFirestoreKtxRegistrar"
103-->[com.google.firebase:firebase-firestore:26.0.0] AndroidManifest.xml:18:17-122
104                android:value="com.google.firebase.components.ComponentRegistrar" />
104-->[com.google.firebase:firebase-firestore:26.0.0] AndroidManifest.xml:19:17-82
105            <meta-data
105-->[com.google.firebase:firebase-firestore:26.0.0] AndroidManifest.xml:20:13-22:85
106                android:name="com.google.firebase.components:com.google.firebase.firestore.FirestoreRegistrar"
106-->[com.google.firebase:firebase-firestore:26.0.0] AndroidManifest.xml:21:17-111
107                android:value="com.google.firebase.components.ComponentRegistrar" />
107-->[com.google.firebase:firebase-firestore:26.0.0] AndroidManifest.xml:22:17-82
108            <meta-data
108-->[com.google.firebase:firebase-functions:22.0.0] AndroidManifest.xml:15:13-17:85
109                android:name="com.google.firebase.components:com.google.firebase.functions.FirebaseFunctionsKtxRegistrar"
109-->[com.google.firebase:firebase-functions:22.0.0] AndroidManifest.xml:16:17-122
110                android:value="com.google.firebase.components.ComponentRegistrar" />
110-->[com.google.firebase:firebase-functions:22.0.0] AndroidManifest.xml:17:17-82
111            <meta-data
111-->[com.google.firebase:firebase-functions:22.0.0] AndroidManifest.xml:18:13-20:85
112                android:name="com.google.firebase.components:com.google.firebase.functions.FunctionsRegistrar"
112-->[com.google.firebase:firebase-functions:22.0.0] AndroidManifest.xml:19:17-111
113                android:value="com.google.firebase.components.ComponentRegistrar" />
113-->[com.google.firebase:firebase-functions:22.0.0] AndroidManifest.xml:20:17-82
114            <meta-data
114-->[com.google.firebase:firebase-common:22.0.0] AndroidManifest.xml:35:13-37:85
115                android:name="com.google.firebase.components:com.google.firebase.FirebaseCommonKtxRegistrar"
115-->[com.google.firebase:firebase-common:22.0.0] AndroidManifest.xml:36:17-109
116                android:value="com.google.firebase.components.ComponentRegistrar" />
116-->[com.google.firebase:firebase-common:22.0.0] AndroidManifest.xml:37:17-82
117            <meta-data
117-->[com.google.firebase:firebase-iid:21.1.0] AndroidManifest.xml:32:13-34:85
118                android:name="com.google.firebase.components:com.google.firebase.iid.Registrar"
118-->[com.google.firebase:firebase-iid:21.1.0] AndroidManifest.xml:33:17-96
119                android:value="com.google.firebase.components.ComponentRegistrar" />
119-->[com.google.firebase:firebase-iid:21.1.0] AndroidManifest.xml:34:17-82
120            <meta-data
120-->[com.google.firebase:firebase-installations:19.0.0] AndroidManifest.xml:15:13-17:85
121                android:name="com.google.firebase.components:com.google.firebase.installations.FirebaseInstallationsKtxRegistrar"
121-->[com.google.firebase:firebase-installations:19.0.0] AndroidManifest.xml:16:17-130
122                android:value="com.google.firebase.components.ComponentRegistrar" />
122-->[com.google.firebase:firebase-installations:19.0.0] AndroidManifest.xml:17:17-82
123            <meta-data
123-->[com.google.firebase:firebase-installations:19.0.0] AndroidManifest.xml:18:13-20:85
124                android:name="com.google.firebase.components:com.google.firebase.installations.FirebaseInstallationsRegistrar"
124-->[com.google.firebase:firebase-installations:19.0.0] AndroidManifest.xml:19:17-127
125                android:value="com.google.firebase.components.ComponentRegistrar" />
125-->[com.google.firebase:firebase-installations:19.0.0] AndroidManifest.xml:20:17-82
126        </service>
127        <!--
128        Service for holding metadata. Cannot be instantiated.
129        Metadata will be merged from other manifests.
130        -->
131        <service
131-->[androidx.camera:camera-core:1.5.0] AndroidManifest.xml:29:9-33:78
132            android:name="androidx.camera.core.impl.MetadataHolderService"
132-->[androidx.camera:camera-core:1.5.0] AndroidManifest.xml:30:13-75
133            android:enabled="false"
133-->[androidx.camera:camera-core:1.5.0] AndroidManifest.xml:31:13-36
134            android:exported="false" >
134-->[androidx.camera:camera-core:1.5.0] AndroidManifest.xml:32:13-37
135            <meta-data
135-->[androidx.camera:camera-camera2:1.5.0] AndroidManifest.xml:30:13-32:89
136                android:name="androidx.camera.core.impl.MetadataHolderService.DEFAULT_CONFIG_PROVIDER"
136-->[androidx.camera:camera-camera2:1.5.0] AndroidManifest.xml:31:17-103
137                android:value="androidx.camera.camera2.Camera2Config$DefaultProvider" />
137-->[androidx.camera:camera-camera2:1.5.0] AndroidManifest.xml:32:17-86
138        </service>
139
140        <uses-library
140-->[androidx.window:window:1.2.0] AndroidManifest.xml:23:9-25:40
141            android:name="androidx.window.extensions"
141-->[androidx.window:window:1.2.0] AndroidManifest.xml:24:13-54
142            android:required="false" />
142-->[androidx.window:window:1.2.0] AndroidManifest.xml:25:13-37
143        <uses-library
143-->[androidx.window:window:1.2.0] AndroidManifest.xml:26:9-28:40
144            android:name="androidx.window.sidecar"
144-->[androidx.window:window:1.2.0] AndroidManifest.xml:27:13-51
145            android:required="false" />
145-->[androidx.window:window:1.2.0] AndroidManifest.xml:28:13-37
146
147        <activity
147-->[com.google.firebase:firebase-auth:24.0.1] AndroidManifest.xml:29:9-46:20
148            android:name="com.google.firebase.auth.internal.GenericIdpActivity"
148-->[com.google.firebase:firebase-auth:24.0.1] AndroidManifest.xml:30:13-80
149            android:excludeFromRecents="true"
149-->[com.google.firebase:firebase-auth:24.0.1] AndroidManifest.xml:31:13-46
150            android:exported="true"
150-->[com.google.firebase:firebase-auth:24.0.1] AndroidManifest.xml:32:13-36
151            android:launchMode="singleTask"
151-->[com.google.firebase:firebase-auth:24.0.1] AndroidManifest.xml:33:13-44
152            android:theme="@android:style/Theme.Translucent.NoTitleBar" >
152-->[com.google.firebase:firebase-auth:24.0.1] AndroidManifest.xml:34:13-72
153            <intent-filter>
153-->[com.google.firebase:firebase-auth:24.0.1] AndroidManifest.xml:35:13-45:29
154                <action android:name="android.intent.action.VIEW" />
154-->[com.google.firebase:firebase-auth:24.0.1] AndroidManifest.xml:36:17-69
154-->[com.google.firebase:firebase-auth:24.0.1] AndroidManifest.xml:36:25-66
155
156                <category android:name="android.intent.category.DEFAULT" />
156-->[com.google.firebase:firebase-auth:24.0.1] AndroidManifest.xml:38:17-76
156-->[com.google.firebase:firebase-auth:24.0.1] AndroidManifest.xml:38:27-73
157                <category android:name="android.intent.category.BROWSABLE" />
157-->[com.google.firebase:firebase-auth:24.0.1] AndroidManifest.xml:39:17-78
157-->[com.google.firebase:firebase-auth:24.0.1] AndroidManifest.xml:39:27-75
158
159                <data
159-->src\main\AndroidManifest.xml:46:13-50
160                    android:host="firebase.auth"
161                    android:path="/"
162                    android:scheme="genericidp" />
163            </intent-filter>
164        </activity>
165        <activity
165-->[com.google.firebase:firebase-auth:24.0.1] AndroidManifest.xml:47:9-64:20
166            android:name="com.google.firebase.auth.internal.RecaptchaActivity"
166-->[com.google.firebase:firebase-auth:24.0.1] AndroidManifest.xml:48:13-79
167            android:excludeFromRecents="true"
167-->[com.google.firebase:firebase-auth:24.0.1] AndroidManifest.xml:49:13-46
168            android:exported="true"
168-->[com.google.firebase:firebase-auth:24.0.1] AndroidManifest.xml:50:13-36
169            android:launchMode="singleTask"
169-->[com.google.firebase:firebase-auth:24.0.1] AndroidManifest.xml:51:13-44
170            android:theme="@android:style/Theme.Translucent.NoTitleBar" >
170-->[com.google.firebase:firebase-auth:24.0.1] AndroidManifest.xml:52:13-72
171            <intent-filter>
171-->[com.google.firebase:firebase-auth:24.0.1] AndroidManifest.xml:53:13-63:29
172                <action android:name="android.intent.action.VIEW" />
172-->[com.google.firebase:firebase-auth:24.0.1] AndroidManifest.xml:36:17-69
172-->[com.google.firebase:firebase-auth:24.0.1] AndroidManifest.xml:36:25-66
173
174                <category android:name="android.intent.category.DEFAULT" />
174-->[com.google.firebase:firebase-auth:24.0.1] AndroidManifest.xml:38:17-76
174-->[com.google.firebase:firebase-auth:24.0.1] AndroidManifest.xml:38:27-73
175                <category android:name="android.intent.category.BROWSABLE" />
175-->[com.google.firebase:firebase-auth:24.0.1] AndroidManifest.xml:39:17-78
175-->[com.google.firebase:firebase-auth:24.0.1] AndroidManifest.xml:39:27-75
176
177                <data
177-->src\main\AndroidManifest.xml:46:13-50
178                    android:host="firebase.auth"
179                    android:path="/"
180                    android:scheme="recaptcha" />
181            </intent-filter>
182        </activity>
183
184        <provider
184-->[com.google.firebase:firebase-common:22.0.0] AndroidManifest.xml:23:9-28:39
185            android:name="com.google.firebase.provider.FirebaseInitProvider"
185-->[com.google.firebase:firebase-common:22.0.0] AndroidManifest.xml:24:13-77
186            android:authorities="com.ptoo.copedu.firebaseinitprovider"
186-->[com.google.firebase:firebase-common:22.0.0] AndroidManifest.xml:25:13-72
187            android:directBootAware="true"
187-->[com.google.firebase:firebase-common:22.0.0] AndroidManifest.xml:26:13-43
188            android:exported="false"
188-->[com.google.firebase:firebase-common:22.0.0] AndroidManifest.xml:27:13-37
189            android:initOrder="100" />
189-->[com.google.firebase:firebase-common:22.0.0] AndroidManifest.xml:28:13-36
190
191        <service
191-->[com.google.android.gms:play-services-mlkit-barcode-scanning:18.3.1] AndroidManifest.xml:9:9-15:19
192            android:name="com.google.mlkit.common.internal.MlKitComponentDiscoveryService"
192-->[com.google.android.gms:play-services-mlkit-barcode-scanning:18.3.1] AndroidManifest.xml:10:13-91
193            android:directBootAware="true"
193-->[com.google.mlkit:common:18.11.0] AndroidManifest.xml:17:13-43
194            android:exported="false" >
194-->[com.google.android.gms:play-services-mlkit-barcode-scanning:18.3.1] AndroidManifest.xml:11:13-37
195            <meta-data
195-->[com.google.android.gms:play-services-mlkit-barcode-scanning:18.3.1] AndroidManifest.xml:12:13-14:85
196                android:name="com.google.firebase.components:com.google.mlkit.vision.barcode.internal.BarcodeRegistrar"
196-->[com.google.android.gms:play-services-mlkit-barcode-scanning:18.3.1] AndroidManifest.xml:13:17-120
197                android:value="com.google.firebase.components.ComponentRegistrar" />
197-->[com.google.android.gms:play-services-mlkit-barcode-scanning:18.3.1] AndroidManifest.xml:14:17-82
198            <meta-data
198-->[com.google.mlkit:vision-common:17.3.0] AndroidManifest.xml:12:13-14:85
199                android:name="com.google.firebase.components:com.google.mlkit.vision.common.internal.VisionCommonRegistrar"
199-->[com.google.mlkit:vision-common:17.3.0] AndroidManifest.xml:13:17-124
200                android:value="com.google.firebase.components.ComponentRegistrar" />
200-->[com.google.mlkit:vision-common:17.3.0] AndroidManifest.xml:14:17-82
201            <meta-data
201-->[com.google.mlkit:common:18.11.0] AndroidManifest.xml:20:13-22:85
202                android:name="com.google.firebase.components:com.google.mlkit.common.internal.CommonComponentRegistrar"
202-->[com.google.mlkit:common:18.11.0] AndroidManifest.xml:21:17-120
203                android:value="com.google.firebase.components.ComponentRegistrar" />
203-->[com.google.mlkit:common:18.11.0] AndroidManifest.xml:22:17-82
204        </service>
205
206        <provider
206-->[com.google.mlkit:common:18.11.0] AndroidManifest.xml:9:9-13:38
207            android:name="com.google.mlkit.common.internal.MlKitInitProvider"
207-->[com.google.mlkit:common:18.11.0] AndroidManifest.xml:10:13-78
208            android:authorities="com.ptoo.copedu.mlkitinitprovider"
208-->[com.google.mlkit:common:18.11.0] AndroidManifest.xml:11:13-69
209            android:exported="false"
209-->[com.google.mlkit:common:18.11.0] AndroidManifest.xml:12:13-37
210            android:initOrder="99" />
210-->[com.google.mlkit:common:18.11.0] AndroidManifest.xml:13:13-35
211
212        <service
212-->[androidx.credentials:credentials-play-services-auth:1.2.0-rc01] AndroidManifest.xml:24:9-32:19
213            android:name="androidx.credentials.playservices.CredentialProviderMetadataHolder"
213-->[androidx.credentials:credentials-play-services-auth:1.2.0-rc01] AndroidManifest.xml:25:13-94
214            android:enabled="true"
214-->[androidx.credentials:credentials-play-services-auth:1.2.0-rc01] AndroidManifest.xml:26:13-35
215            android:exported="false" >
215-->[androidx.credentials:credentials-play-services-auth:1.2.0-rc01] AndroidManifest.xml:27:13-37
216            <meta-data
216-->[androidx.credentials:credentials-play-services-auth:1.2.0-rc01] AndroidManifest.xml:29:13-31:104
217                android:name="androidx.credentials.CREDENTIAL_PROVIDER_KEY"
217-->[androidx.credentials:credentials-play-services-auth:1.2.0-rc01] AndroidManifest.xml:30:17-76
218                android:value="androidx.credentials.playservices.CredentialProviderPlayServicesImpl" />
218-->[androidx.credentials:credentials-play-services-auth:1.2.0-rc01] AndroidManifest.xml:31:17-101
219        </service>
220
221        <activity
221-->[androidx.credentials:credentials-play-services-auth:1.2.0-rc01] AndroidManifest.xml:34:9-41:20
222            android:name="androidx.credentials.playservices.HiddenActivity"
222-->[androidx.credentials:credentials-play-services-auth:1.2.0-rc01] AndroidManifest.xml:35:13-76
223            android:configChanges="orientation|screenSize|screenLayout|keyboardHidden"
223-->[androidx.credentials:credentials-play-services-auth:1.2.0-rc01] AndroidManifest.xml:36:13-87
224            android:enabled="true"
224-->[androidx.credentials:credentials-play-services-auth:1.2.0-rc01] AndroidManifest.xml:37:13-35
225            android:exported="false"
225-->[androidx.credentials:credentials-play-services-auth:1.2.0-rc01] AndroidManifest.xml:38:13-37
226            android:fitsSystemWindows="true"
226-->[androidx.credentials:credentials-play-services-auth:1.2.0-rc01] AndroidManifest.xml:39:13-45
227            android:theme="@style/Theme.Hidden" >
227-->[androidx.credentials:credentials-play-services-auth:1.2.0-rc01] AndroidManifest.xml:40:13-48
228        </activity>
229        <activity
229-->[com.google.android.gms:play-services-auth:20.7.0] AndroidManifest.xml:23:9-27:75
230            android:name="com.google.android.gms.auth.api.signin.internal.SignInHubActivity"
230-->[com.google.android.gms:play-services-auth:20.7.0] AndroidManifest.xml:24:13-93
231            android:excludeFromRecents="true"
231-->[com.google.android.gms:play-services-auth:20.7.0] AndroidManifest.xml:25:13-46
232            android:exported="false"
232-->[com.google.android.gms:play-services-auth:20.7.0] AndroidManifest.xml:26:13-37
233            android:theme="@android:style/Theme.Translucent.NoTitleBar" />
233-->[com.google.android.gms:play-services-auth:20.7.0] AndroidManifest.xml:27:13-72
234        <!--
235            Service handling Google Sign-In user revocation. For apps that do not integrate with
236            Google Sign-In, this service will never be started.
237        -->
238        <service
238-->[com.google.android.gms:play-services-auth:20.7.0] AndroidManifest.xml:33:9-37:51
239            android:name="com.google.android.gms.auth.api.signin.RevocationBoundService"
239-->[com.google.android.gms:play-services-auth:20.7.0] AndroidManifest.xml:34:13-89
240            android:exported="true"
240-->[com.google.android.gms:play-services-auth:20.7.0] AndroidManifest.xml:35:13-36
241            android:permission="com.google.android.gms.auth.api.signin.permission.REVOCATION_NOTIFICATION"
241-->[com.google.android.gms:play-services-auth:20.7.0] AndroidManifest.xml:36:13-107
242            android:visibleToInstantApps="true" />
242-->[com.google.android.gms:play-services-auth:20.7.0] AndroidManifest.xml:37:13-48
243
244        <activity
244-->[com.google.android.gms:play-services-base:18.5.0] AndroidManifest.xml:5:9-173
245            android:name="com.google.android.gms.common.api.GoogleApiActivity"
245-->[com.google.android.gms:play-services-base:18.5.0] AndroidManifest.xml:5:19-85
246            android:exported="false"
246-->[com.google.android.gms:play-services-base:18.5.0] AndroidManifest.xml:5:146-170
247            android:theme="@android:style/Theme.Translucent.NoTitleBar" />
247-->[com.google.android.gms:play-services-base:18.5.0] AndroidManifest.xml:5:86-145
248
249        <meta-data
249-->[com.google.android.gms:play-services-basement:18.4.0] AndroidManifest.xml:6:9-122
250            android:name="com.google.android.gms.version"
250-->[com.google.android.gms:play-services-basement:18.4.0] AndroidManifest.xml:6:20-65
251            android:value="@integer/google_play_services_version" />
251-->[com.google.android.gms:play-services-basement:18.4.0] AndroidManifest.xml:6:66-119
252
253        <provider
253-->[androidx.emoji2:emoji2:1.2.0] AndroidManifest.xml:24:9-32:20
254            android:name="androidx.startup.InitializationProvider"
254-->[androidx.emoji2:emoji2:1.2.0] AndroidManifest.xml:25:13-67
255            android:authorities="com.ptoo.copedu.androidx-startup"
255-->[androidx.emoji2:emoji2:1.2.0] AndroidManifest.xml:26:13-68
256            android:exported="false" >
256-->[androidx.emoji2:emoji2:1.2.0] AndroidManifest.xml:27:13-37
257            <meta-data
257-->[androidx.emoji2:emoji2:1.2.0] AndroidManifest.xml:29:13-31:52
258                android:name="androidx.emoji2.text.EmojiCompatInitializer"
258-->[androidx.emoji2:emoji2:1.2.0] AndroidManifest.xml:30:17-75
259                android:value="androidx.startup" />
259-->[androidx.emoji2:emoji2:1.2.0] AndroidManifest.xml:31:17-49
260            <meta-data
260-->[androidx.lifecycle:lifecycle-process:2.7.0] AndroidManifest.xml:29:13-31:52
261                android:name="androidx.lifecycle.ProcessLifecycleInitializer"
261-->[androidx.lifecycle:lifecycle-process:2.7.0] AndroidManifest.xml:30:17-78
262                android:value="androidx.startup" />
262-->[androidx.lifecycle:lifecycle-process:2.7.0] AndroidManifest.xml:31:17-49
263            <meta-data
263-->[androidx.profileinstaller:profileinstaller:1.3.1] AndroidManifest.xml:29:13-31:52
264                android:name="androidx.profileinstaller.ProfileInstallerInitializer"
264-->[androidx.profileinstaller:profileinstaller:1.3.1] AndroidManifest.xml:30:17-85
265                android:value="androidx.startup" />
265-->[androidx.profileinstaller:profileinstaller:1.3.1] AndroidManifest.xml:31:17-49
266        </provider>
267
268        <receiver
268-->[androidx.profileinstaller:profileinstaller:1.3.1] AndroidManifest.xml:34:9-52:20
269            android:name="androidx.profileinstaller.ProfileInstallReceiver"
269-->[androidx.profileinstaller:profileinstaller:1.3.1] AndroidManifest.xml:35:13-76
270            android:directBootAware="false"
270-->[androidx.profileinstaller:profileinstaller:1.3.1] AndroidManifest.xml:36:13-44
271            android:enabled="true"
271-->[androidx.profileinstaller:profileinstaller:1.3.1] AndroidManifest.xml:37:13-35
272            android:exported="true"
272-->[androidx.profileinstaller:profileinstaller:1.3.1] AndroidManifest.xml:38:13-36
273            android:permission="android.permission.DUMP" >
273-->[androidx.profileinstaller:profileinstaller:1.3.1] AndroidManifest.xml:39:13-57
274            <intent-filter>
274-->[androidx.profileinstaller:profileinstaller:1.3.1] AndroidManifest.xml:40:13-42:29
275                <action android:name="androidx.profileinstaller.action.INSTALL_PROFILE" />
275-->[androidx.profileinstaller:profileinstaller:1.3.1] AndroidManifest.xml:41:17-91
275-->[androidx.profileinstaller:profileinstaller:1.3.1] AndroidManifest.xml:41:25-88
276            </intent-filter>
277            <intent-filter>
277-->[androidx.profileinstaller:profileinstaller:1.3.1] AndroidManifest.xml:43:13-45:29
278                <action android:name="androidx.profileinstaller.action.SKIP_FILE" />
278-->[androidx.profileinstaller:profileinstaller:1.3.1] AndroidManifest.xml:44:17-85
278-->[androidx.profileinstaller:profileinstaller:1.3.1] AndroidManifest.xml:44:25-82
279            </intent-filter>
280            <intent-filter>
280-->[androidx.profileinstaller:profileinstaller:1.3.1] AndroidManifest.xml:46:13-48:29